C:\Users\Jake\Desktop\VST Dev\my projects\formant\Formant-Output\Intermediates\DSPFilters-Win32Debug\Bessel.obj
C:\Users\Jake\Desktop\VST Dev\my projects\formant\Formant-Output\Intermediates\DSPFilters-Win32Debug\Biquad.obj
C:\Users\Jake\Desktop\VST Dev\my projects\formant\Formant-Output\Intermediates\DSPFilters-Win32Debug\Butterworth.obj
C:\Users\Jake\Desktop\VST Dev\my projects\formant\Formant-Output\Intermediates\DSPFilters-Win32Debug\Cascade.obj
C:\Users\Jake\Desktop\VST Dev\my projects\formant\Formant-Output\Intermediates\DSPFilters-Win32Debug\ChebyshevI.obj
C:\Users\Jake\Desktop\VST Dev\my projects\formant\Formant-Output\Intermediates\DSPFilters-Win32Debug\ChebyshevII.obj
C:\Users\Jake\Desktop\VST Dev\my projects\formant\Formant-Output\Intermediates\DSPFilters-Win32Debug\CL.1832.read.1.tlog
C:\Users\Jake\Desktop\VST Dev\my projects\formant\Formant-Output\Intermediates\DSPFilters-Win32Debug\CL.1832.write.1.tlog
C:\Users\Jake\Desktop\VST Dev\my projects\formant\Formant-Output\Intermediates\DSPFilters-Win32Debug\CL.4968.read.1.tlog
C:\Users\Jake\Desktop\VST Dev\my projects\formant\Formant-Output\Intermediates\DSPFilters-Win32Debug\CL.4968.write.1.tlog
C:\Users\Jake\Desktop\VST Dev\my projects\formant\Formant-Output\Intermediates\DSPFilters-Win32Debug\CL.5432.read.1.tlog
C:\Users\Jake\Desktop\VST Dev\my projects\formant\Formant-Output\Intermediates\DSPFilters-Win32Debug\CL.5432.write.1.tlog
C:\Users\Jake\Desktop\VST Dev\my projects\formant\Formant-Output\Intermediates\DSPFilters-Win32Debug\CL.648.read.1.tlog
C:\Users\Jake\Desktop\VST Dev\my projects\formant\Formant-Output\Intermediates\DSPFilters-Win32Debug\CL.648.write.1.tlog
C:\Users\Jake\Desktop\VST Dev\my projects\formant\Formant-Output\Intermediates\DSPFilters-Win32Debug\cl.command.1.tlog
C:\Users\Jake\Desktop\VST Dev\my projects\formant\Formant-Output\Intermediates\DSPFilters-Win32Debug\CL.read.1.tlog
C:\Users\Jake\Desktop\VST Dev\my projects\formant\Formant-Output\Intermediates\DSPFilters-Win32Debug\cl.write.1.tlog
C:\Users\Jake\Desktop\VST Dev\my projects\formant\Formant-Output\Intermediates\DSPFilters-Win32Debug\Custom.obj
C:\Users\Jake\Desktop\VST Dev\my projects\formant\Formant-Output\Intermediates\DSPFilters-Win32Debug\Design.obj
C:\Users\Jake\Desktop\VST Dev\my projects\formant\Formant-Output\Intermediates\DSPFilters-Win32Debug\Documentation.obj
C:\Users\Jake\Desktop\VST Dev\my projects\formant\Formant-Output\Intermediates\DSPFilters-Win32Debug\Elliptic.obj
C:\Users\Jake\Desktop\VST Dev\my projects\formant\Formant-Output\Intermediates\DSPFilters-Win32Debug\Filter.obj
C:\Users\Jake\Desktop\VST Dev\my projects\formant\Formant-Output\Intermediates\DSPFilters-Win32Debug\Legendre.obj
C:\Users\Jake\Desktop\VST Dev\my projects\formant\Formant-Output\Intermediates\DSPFilters-Win32Debug\lib.command.1.tlog
C:\Users\Jake\Desktop\VST Dev\my projects\formant\Formant-Output\Intermediates\DSPFilters-Win32Debug\Lib-link.read.1.tlog
C:\Users\Jake\Desktop\VST Dev\my projects\formant\Formant-Output\Intermediates\DSPFilters-Win32Debug\Lib-link.write.1.tlog
C:\Users\Jake\Desktop\VST Dev\my projects\formant\Formant-Output\Intermediates\DSPFilters-Win32Debug\Param.obj
C:\Users\Jake\Desktop\VST Dev\my projects\formant\Formant-Output\Intermediates\DSPFilters-Win32Debug\PoleFilter.obj
C:\Users\Jake\Desktop\VST Dev\my projects\formant\Formant-Output\Intermediates\DSPFilters-Win32Debug\RBJ.obj
C:\Users\Jake\Desktop\VST Dev\my projects\formant\Formant-Output\Intermediates\DSPFilters-Win32Debug\RootFinder.obj
C:\Users\Jake\Desktop\VST Dev\my projects\formant\Formant-Output\Intermediates\DSPFilters-Win32Debug\State.obj
C:\Users\Jake\Desktop\VST Dev\my projects\formant\Formant-Output\Intermediates\DSPFilters-Win32Debug\vc100.idb
C:\USERS\JAKE\DESKTOP\VST DEV\MY PROJECTS\FORMANT\FORMANT-OUTPUT\INTERMEDIATES\DSPFILTERS-WIN32DEBUG\VC100.PDB
C:\USERS\JAKE\DESKTOP\VST DEV\MY PROJECTS\FORMANT\FORMANT-OUTPUT\PRODUCTS\WIN32DEBUG\DSPFILTERS.LIB
